389 346




958

661
131
82

7
161

820



169
938
51

36 211 680
39

937

542
843
303 948
400 769
325 471 771

866

916


685 957
66 637

42 149 892 604 290



729
522
970
616 731



88
577

291
966
742

633
376
495 799


27 721
162


790
317
676 913



518 553 606
436 602
208
368 575

277
766
143
166 560 626 369


16

85 243

793



544
358 641
178 6

836
960

72






597


535


469 654
849 908
943
581
993
416



594

173 537

739 933

160 638 817


976


60 262 95 52

422 883


326

712
109 864

20 316

428 727
281
601
592

453


398
74

226 473
141 148
749
541
324
707 621

698 935
327
464
974
123
99 687



44

258
922
165

710
336
255


532

555


170
171
299

19
487 989
466 797
247
917
47 158



744 932
292 223



722
57
11 46
830
887
848
745 768

631 701

580 628
307
139 460 607
54 774


735 968
213 656

410 515



242
949
254
144 639 808
911
705

810
188 415
319


407 854

859
691
809
310
311
355

34
905


203
49


431
681
202 682
665
112 484
14 253
147
195
584 696
856
434
124

297 807



814
359
538




467


129
521 558
942
260 622

863




373

456 999

347 876
536 842

645 893


312


86 772

236 345

189
233
734
672 127 780

256 121

61


154 454 764 888 896
200
576 370 287

201 506 992


41 45 671
868
852 965
996
572
3

611 640
354 931


858
531
770
293
816
663
25 747

761



649

22 241 264
331
301


873

75
552 401 832 870 909

571

136
269 330
603
81
566 669 791


64 2

96



982



609 690 994

924


898
385
186



341

634
545 773
132 275 991


59
80 971
505
67 182
48 504

320



425
668

4 750 961
551 781
271 919

145

559
894
477

137 881

760 984
900
294
97 245
285

43
83 643 648 289

0


511
138 880
204
180
340
272
240 37

286
527
153

417
106

73 334 895


305
276
71
257




718
172



800 813
432
612 743

951
263 447

104 252

433 598
278 579
785 927


630

751

655

458 871



439
861



265 829
150
979
516

266 890
344 468 704

18


947

53 530
155 741 902
608
524

517 619
678



923
267 667 225






343 642
867
335
283 804
56

282 426 514
232 928
470
135 588



134

333 706

485 629
29
990
956
185
605
403 543

197

733 507

474 763
550
337

157
481


314


38
356 366

827

757

175
384
231 724
529

70

512 646

118
540 877
91

988
853

901


404
945

76
452
362


624 332


168


738
94

90




239 451 929

375
406
220 457
218
697 393

63 980
28 163

351 891
498
214

493
105


899

212 371
822


666

209 329 907


872

259
420 845

885


692 906
556
610
179
279

528

492
548
736

934


378
116

847
483 884

224
321


569 840
198 591 955

613

181

372




298 720

206 796
13 78
217 658
921




833
174
8 441
246
455

972
31
68


26 526 819

381
963
100 395 985

35
973
841
24 438
459
219 274 930
418 776
565


728
65
221

480 699
151
114


684
449

651 677
58 615 777


32
967
502

486
465 525
812


975
176
600
89 964

700

427 98 461

423 411 674 657


786
30 284 534 831
222





142
122 339
590
17
126 9

386

789
273 686
1



978
270 740 860

497 703 837

851

199

111 920

322 315

107
549
546
125 304
547

33
897

950
164 508
323 251

443





554
573 915
156
636
489 510
925

328

714
119

115 475

392

394 557

886

664
23 618


190 583
723
815
430 659



350 694
93

152

683

823
338 348 717


308 752 205


488
300
357
379 765 363 903



711


318
77

244
533



725
587
87 479
476 280

482 981
419
494 140


117 986

10 523
835
959
40 824


582
103 746


250 352 865
261
561 567
846
647

679

778
754 758 184




596

719
196 5 207


874
167 688
437
414
413
412 798 383


614 364

92
69 450


55 102
775

360
12 227

783

238
834


367



237 235 501



183 295
15 146
409 589 857

228

478
442




159
194

491 767
882
374 632

586
397
216 424 693 912

313 288 108 726 268


702
353 910
811
133



249

539 578 962



248
