311 407 531

939

144
993

591

728

136

34 557


842
689


911







371

37
628
364

30 264
778


504

395 439 426 684

120

273



971


639


322








63 636 317 316






704
101 412
203 570 596


927
171 580



966
857
521 603




819

884
149 848
462

122





265
2 541


595
0
308


746




523



581
785



103 577 906


480
381 745
732 910
260
233 242
164 612
319


868 981


960

899
782
323
653
239 818
800






496

841
285 924



292
879
431
711 845
524 982



332

901 920
148
804


126 532
236 714
620 715



92


359 772






599




72

545 771
456
799
528




930

77
415 921
649
569
52 200 506
60 598
217 688 747
116 313
419
261
326 344 793


65


252

886




883

871




93

106


709
515
851
190 587



876
674 734
108

125

135

673
455
957
406 999
839

828
978
743


670



912

341
383 814
201



361
357
805


701




180

54


638 870

449
963
266



666 958
552
959

44 589


491 510

393
791
216 559
161 255 342
259

132 753
36 84 448 809 882

953
690
522
117 896
438
232 995


888
13
718
221

725

974
173
634


967

81
142 717


55 274
831

461
276

165 489


389
856

288



546

114 244

212
268






798

315 729

469


286
980
527
990



445
830

585
794 811
702





246


453
151 713 987
777
696
994
3 768
414
941



296 514 801

873
435
205

825 936
567
795
613
192 333
396
188 759
10 306

738 914
398
700

223
109
693

706

133 321
130 767

866
526
176
50

641


834
907

562
850








457
646 928

168 986


220 865

721
138 409

938
121 516 586 988
184
749
784

484 661




970
492
512 353 644 630


253

813
583 891



720 964
397 618
629


380 736
468
459

78 501
485
436 608 645



9 662

695
829
692
348

362

571 703


648 952
31 633 679 761
399 425 490 737


915
991

903
950
460 815
358 463
248 933
750
71



651
775
943

544


712
862




726
417 897
154
373 566
450

859

347

922

328 475




94
755 973
609
472


7 477



500 945

984


934



127
823


38 894
540 340


836
998

146 508
249
926


156 739

247
304

157
539


374 640
189 194

181 327
403 572


710
124

388 486
441
339 678 895

278 880
923
657
519



320 885

979
152
816
824
592
86 665


73
752
442 622

58 867
932


588
694
511
131 272



230
251 808
69

549 663 669

754

796 835
420 878


158 386

762



360 902
847
698
140


471 769

39


807 844

446 479

681

167
976
177
1 41 810


350
227
193 680
536


8 57
616 687 822



881
658


95




650
697
909

667

115 606


19
676
390
5
51 467 505 543 578

418
765
707
295 806
129
434
402 913

370
241
229
682
107



444
483
872
929
150 346

502
15 464

763 776

416 579 802
378



85
219
686
290 555 575

428
11

42
430




972
560



605

298 917
601


27 781
741
647
369




143



28 349


556
875


642
433





617
275 905
832

145 258 335 935
476


451

226


783



302 352
363
365

619
105

330 740
554
263



159
948
685

643
733
324


983
281 946
367
558
423 509




262 955
787 788



271


731 892
66
817 858
723
64
535

139 766


610
43 80

989
413
111

408 919
997
4
75

400 565


627 677 904

310 675 863
110 631

387 454





237 356


654 827 837
284

79 394


318
869
429 547

529
382
287


550
744
277
493
503 852

447
96 134
495 730




615
118 821 838
372
568 904 757 214

199
32 48
269 530 410

659
128


334
59 345 820

29 46 62

405 854





985
843
104




591

174 208
656
49 890
197 482
465


404
222

377 773


91 498 602 664

443

256 257
379 574 297


846
355 624

